svsfC:\Users\steph\Documents\sv\lib\DATAWIN\Glean_Basis RFTable 2 11
svsfC:\Users\steph\Documents\sv\lib\GLOBVARS\Universal cn 2 not a package
svsfC:\Users\steph\Documents\sv\lib\GLOBVARS\Australia cn 3 not a package
svsfC:\Users\steph\Documents\sv\lib\GLOBVARS\United Kingdom cn 4 not a package
svsfC:\Users\steph\Documents\sv\lib\GLOBVARS\South Africa cn 5 not a package
svsfC:\Users\steph\Documents\sv\lib\HEADERS\Ind_Annuity cn 14 not a package
svsfC:\Users\steph\Documents\sv\lib\MAINWIN\Screen Controls AlternateFields 2 50
svsfC:\Users\steph\Documents\sv\lib\MAINWIN\ParmDisplay ParametersTable 2 19
svsfC:\Users\steph\Documents\sv\lib\QSMWIN\Quick_Scenario AdditLiabrec 2 81
svsfC:\Users\steph\Documents\sv\lib\RAINPRO\RainPro_Graphics cn 2 not a package
svsfC:\Users\steph\Documents\sv\lib\REGISTER\RegTable cn 5 not a package
svsfC:\Users\steph\Documents\sv\lib\REGISTER\DefaultLicence 9.3 LicenceString 2 6
svsfC:\Users\steph\Documents\sv\lib\REGISTER\DefaultLicence 9.3 key 2 7
svsfC:\Users\steph\Documents\sv\lib\SCHEMAUK\BenefitType cn 2 not a package
svsfC:\Users\steph\Documents\sv\lib\SCHEMAUK\BenefitTypeData cn 3 not a package
svsfC:\Users\steph\Documents\sv\lib\SCHEMAUK\Contingency cn 4 not a package
svsfC:\Users\steph\Documents\sv\lib\SCHEMAUK\ContingencyData cn 5 not a package
svsfC:\Users\steph\Documents\sv\lib\SCHEMAUK\LiabilityType cn 6 not a package
svsfC:\Users\steph\Documents\sv\lib\SCHEMAUK\LiabilityTypeData cn 7 not a package
svsfC:\Users\steph\Documents\sv\lib\SCHEMAUK\DataItem cn 8 not a package
svsfC:\Users\steph\Documents\sv\lib\SCHEMAUK\DataItemData cn 9 not a package
svsfC:\Users\steph\Documents\sv\lib\SCHEMAUK\Version cn 10 not a package
svsfC:\Users\steph\Documents\sv\lib\SCHEMAUK\AllocatedIDs cn 11 not a package
svsfC:\Users\steph\Documents\sv\lib\SCHEMAUK\Scheme cn 12 not a package
svsfC:\Users\steph\Documents\sv\lib\SCHEMAUK\Identification cn 13 not a package
svsfC:\Users\steph\Documents\sv\lib\SCHEMAUK\ResultsCategory cn 14 not a package
svsfC:\Users\steph\Documents\sv\lib\SCHEMAUK\ResultsData cn 15 not a package
svsfC:\Users\steph\Documents\sv\lib\SCHEMAUK\ResultsData_NoIndex cn 16 not a package
svsfC:\Users\steph\Documents\sv\lib\SCHEMAUK\MemberResults cn 17 not a package
svsfC:\Users\steph\Documents\sv\lib\SCHEMAUK\MemberResults_NoIndex cn 18 not a package
svsfC:\Users\steph\Documents\sv\lib\SCHEMAUK\AltScenData cn 19 not a package
svsfC:\Users\steph\Documents\sv\lib\SCHEMAUK\AltScenData_NoIndex cn 20 not a package
svsfC:\Users\steph\Documents\sv\lib\SCHEMAUK\MemberFields cn 21 not a package
svsfC:\Users\steph\Documents\sv\lib\SCHEMAUK\NumMemberData cn 22 not a package
svsfC:\Users\steph\Documents\sv\lib\SCHEMAUK\CharMemberData cn 23 not a package
svsfC:\Users\steph\Documents\sv\lib\SCHEMAUK\BasisType cn 24 not a package
svsfC:\Users\steph\Documents\sv\lib\SCHEMAUK\BasisTypeData cn 25 not a package
svsfC:\Users\steph\Documents\sv\lib\SCHEMAUK\BasisItem cn 26 not a package
svsfC:\Users\steph\Documents\sv\lib\SCHEMAUK\BasisData cn 27 not a package
svsfC:\Users\steph\Documents\sv\lib\SCHEMAUK\FinancialsGroups cn 28 not a package
svsfC:\Users\steph\Documents\sv\lib\SCHEMAUK\FinancialsValues cn 29 not a package
svsfC:\Users\steph\Documents\sv\lib\SCHEMAUK\TableNames cn 30 not a package
svsfC:\Users\steph\Documents\sv\lib\SCHEMAUK\TableValues cn 31 not a package
svsfC:\Users\steph\Documents\sv\lib\SCHEMAUK\AOSClass cn 32 not a package
svsfC:\Users\steph\Documents\sv\lib\SCHEMAUK\AOSClassData cn 33 not a package
svsfC:\Users\steph\Documents\sv\lib\SCHEMAUK\AOSItem cn 34 not a package
svsfC:\Users\steph\Documents\sv\lib\SCHEMAUK\AOSItemData cn 35 not a package
svsfC:\Users\steph\Documents\sv\lib\SCHEMAUK\AOSType cn 36 not a package
svsfC:\Users\steph\Documents\sv\lib\SCHEMAUK\AOSMember cn 37 not a package
svsfC:\Users\steph\Documents\sv\lib\SCHEMAUK\AOSResults cn 38 not a package
svsfC:\Users\steph\Documents\sv\lib\SCHEMAUK\AOSResults_NoIndex cn 39 not a package
svsfC:\Users\steph\Documents\sv\lib\SCHEMAUK\OutputFile cn 40 not a package
svsfC:\Users\steph\Documents\sv\lib\SCHEMAUK\CategoryAssumptions cn 41 not a package
svsfC:\Users\steph\Documents\sv\lib\SCHEMAUK\BenefitAssumptions cn 42 not a package
svsfC:\Users\steph\Documents\sv\lib\SVFORMUK\ActFormat ññFieldTypes 2 9
svsfC:\Users\steph\Documents\sv\lib\SVFORMUK\DefFormat ññFieldTypes 2 9
svsfC:\Users\steph\Documents\sv\lib\SVFORMUK\PenFormat ññFieldTypes 2 9
svsfC:\Users\steph\Documents\sv\lib\SVLISTUK\InputType cn 2 not a package
svsfC:\Users\steph\Documents\sv\lib\SVLISTUK\SalDef cn 3 not a package
svsfC:\Users\steph\Documents\sv\lib\SVLISTUK\MSDate cn 4 not a package
svsfC:\Users\steph\Documents\sv\lib\SVLISTUK\Freq cn 5 not a package
svsfC:\Users\steph\Documents\sv\lib\SVLISTUK\PayFreq cn 6 not a package
svsfC:\Users\steph\Documents\sv\lib\SVLISTUK\AccessLevels cn 7 not a package
svsfC:\Users\steph\Documents\sv\lib\SVLISTUK\SalInc cn 8 not a package
svsfC:\Users\steph\Documents\sv\lib\SVLISTUK\PenPay cn 9 not a package
svsfC:\Users\steph\Documents\sv\lib\SVLISTUK\ImpMort cn 10 not a package
svsfC:\Users\steph\Documents\sv\lib\SVLISTUK\NRDDef cn 11 not a package
svsfC:\Users\steph\Documents\sv\lib\SVLISTUK\PerCalc cn 12 not a package
svsfC:\Users\steph\Documents\sv\lib\SVLISTUK\PerRound cn 13 not a package
svsfC:\Users\steph\Documents\sv\lib\SVLISTUK\TotPast cn 14 not a package
svsfC:\Users\steph\Documents\sv\lib\SVLISTUK\IndGrow cn 15 not a package
svsfC:\Users\steph\Documents\sv\lib\SVLISTUK\RevTerm cn 16 not a package
svsfC:\Users\steph\Documents\sv\lib\SVLISTUK\BenType cn 17 not a package
svsfC:\Users\steph\Documents\sv\lib\SVLISTUK\ValMeth cn 18 not a package
svsfC:\Users\steph\Documents\sv\lib\SVLISTUK\ValMeth.PPF cn 19 not a package
svsfC:\Users\steph\Documents\sv\lib\SVLISTUK\TargetBen cn 20 not a package
svsfC:\Users\steph\Documents\sv\lib\SVLISTUK\CoCR cn 21 not a package
svsfC:\Users\steph\Documents\sv\lib\SVLISTUK\AmortCont cn 22 not a package
svsfC:\Users\steph\Documents\sv\lib\SVLISTUK\AmortMeth cn 23 not a package
svsfC:\Users\steph\Documents\sv\lib\SVLISTUK\CapInd cn 24 not a package
svsfC:\Users\steph\Documents\sv\lib\SVLISTUK\AveCease cn 25 not a package
svsfC:\Users\steph\Documents\sv\lib\SVLISTUK\ContsDef cn 26 not a package
svsfC:\Users\steph\Documents\sv\lib\SVLISTUK\MemServ cn 27 not a package
svsfC:\Users\steph\Documents\sv\lib\SVLISTUK\RepMeth cn 28 not a package
svsfC:\Users\steph\Documents\sv\lib\SVLISTUK\GMPRevType cn 29 not a package
svsfC:\Users\steph\Documents\sv\lib\SVLISTUK\IRMaxRules cn 30 not a package
svsfC:\Users\steph\Documents\sv\lib\SVLISTUK\DISRetCont cn 31 not a package
svsfC:\Users\steph\Documents\sv\lib\SVLISTUK\ServRound cn 32 not a package
svsfC:\Users\steph\Documents\sv\lib\SVLISTUK\RetCash3 cn 33 not a package
svsfC:\Users\steph\Documents\sv\lib\SVLISTUK\DIDBen cn 34 not a package
svsfC:\Users\steph\Documents\sv\lib\SVLISTUK\DeathBen cn 35 not a package
svsfC:\Users\steph\Documents\sv\lib\SVLISTUK\CashCost cn 36 not a package
svsfC:\Users\steph\Documents\sv\lib\SVLISTUK\PastRev cn 37 not a package
svsfC:\Users\steph\Documents\sv\lib\SVLISTUK\DefRevaln3 cn 38 not a package
svsfC:\Users\steph\Documents\sv\lib\SVLISTUK\ServCount cn 39 not a package
svsfC:\Users\steph\Documents\sv\lib\SVLISTUK\EscRate cn 40 not a package
svsfC:\Users\steph\Documents\sv\lib\SVLISTUK\IllBen cn 41 not a package
svsfC:\Users\steph\Documents\sv\lib\SVLISTUK\GMPFrankCode cn 42 not a package
svsfC:\Users\steph\Documents\sv\lib\SVLISTUK\RevProp cn 43 not a package
svsfC:\Users\steph\Documents\sv\lib\SVLISTUK\BenTypeP cn 44 not a package
svsfC:\Users\steph\Documents\sv\lib\SVLISTUK\AgeRound cn 45 not a package
svsfC:\Users\steph\Documents\sv\lib\SVLISTUK\IllCost cn 46 not a package
svsfC:\Users\steph\Documents\sv\lib\SVLISTUK\IllCash3 cn 47 not a package
svsfC:\Users\steph\Documents\sv\lib\SVLISTUK\DeathCost cn 48 not a package
svsfC:\Users\steph\Documents\sv\lib\SVLISTUK\ConsGraph cn 49 not a package
svsfC:\Users\steph\Documents\sv\lib\SVLISTUK\ActExpWeight cn 50 not a package
svsfC:\Users\steph\Documents\sv\lib\SVLISTUK\NdfExpWeight cn 51 not a package
svsfC:\Users\steph\Documents\sv\lib\SVLISTUK\PenExpWeight cn 52 not a package
svsfC:\Users\steph\Documents\sv\lib\SVLISTUK\ValDate cn 53 not a package
svsfC:\Users\steph\Documents\sv\lib\SVLISTUK\PrintOpt cn 54 not a package
svsfC:\Users\steph\Documents\sv\lib\SVLISTUK\ConsMeth cn 55 not a package
svsfC:\Users\steph\Documents\sv\lib\SVLISTUK\FontStyle cn 56 not a package
svsfC:\Users\steph\Documents\sv\lib\SVLISTUK\FontSize cn 57 not a package
svsfC:\Users\steph\Documents\sv\lib\SVLISTUK\Orientation cn 58 not a package
svsfC:\Users\steph\Documents\sv\lib\SVLISTUK\CommPer cn 59 not a package
svsfC:\Users\steph\Documents\sv\lib\SVLISTUK\APLFonts cn 60 not a package
svsfC:\Users\steph\Documents\sv\lib\SVLISTUK\SurcSal cn 61 not a package
svsfC:\Users\steph\Documents\sv\lib\SVLISTUK\AccInd cn 62 not a package
svsfC:\Users\steph\Documents\sv\lib\SVLISTUK\TabIndex cn 63 not a package
svsfC:\Users\steph\Documents\sv\lib\SVLISTUK\BENDesc cn 64 not a package
svsfC:\Users\steph\Documents\sv\lib\SVLISTUK\FindOpt cn 65 not a package
svsfC:\Users\steph\Documents\sv\lib\SVLISTUK\CharSel cn 66 not a package
svsfC:\Users\steph\Documents\sv\lib\SVLISTUK\DateSel cn 67 not a package
svsfC:\Users\steph\Documents\sv\lib\SVLISTUK\NumSel cn 68 not a package
svsfC:\Users\steph\Documents\sv\lib\SVLISTUK\NRAResBen cn 69 not a package
svsfC:\Users\steph\Documents\sv\lib\SVLISTUK\AdjMeth cn 70 not a package
svsfC:\Users\steph\Documents\sv\lib\SVLISTUK\MIType cn 71 not a package
svsfC:\Users\steph\Documents\sv\lib\SVLISTUK\ProjMethod cn 72 not a package
svsfC:\Users\steph\Documents\sv\lib\SVLISTUK\ExportFormat cn 73 not a package
svsfC:\Users\steph\Documents\sv\lib\SVLISTUK\SalScaleType cn 74 not a package
svsfC:\Users\steph\Documents\sv\lib\SVLISTUK\ERF2Act cn 75 not a package
svsfC:\Users\steph\Documents\sv\lib\SVLISTUK\ERF1NDF cn 76 not a package
svsfC:\Users\steph\Documents\sv\lib\SVLISTUK\ERF2NDF cn 77 not a package
svsfC:\Users\steph\Documents\sv\lib\SVLISTUK\Underpin cn 78 not a package
svsfC:\Users\steph\Documents\sv\lib\SVLISTUK\IntSwitch cn 79 not a package
svsfC:\Users\steph\Documents\sv\lib\SVLISTUK\IRLim cn 80 not a package
svsfC:\Users\steph\Documents\sv\lib\SVLISTUK\DIDBenCodeS cn 81 not a package
svsfC:\Users\steph\Documents\sv\lib\SVLISTUK\DIDBenCodeL cn 82 not a package
svsfC:\Users\steph\Documents\sv\lib\SVLISTUK\DIDBasis cn 83 not a package
svsfC:\Users\steph\Documents\sv\lib\SVLISTUK\DataInd cn 84 not a package
svsfC:\Users\steph\Documents\sv\lib\SVLISTUK\SalRevBasis cn 85 not a package
svsfC:\Users\steph\Documents\sv\lib\SVLISTUK\AccBasis cn 86 not a package
svsfC:\Users\steph\Documents\sv\lib\SVLISTUK\GMPFrankCodeP cn 87 not a package
svsfC:\Users\steph\Documents\sv\lib\SVLISTUK\SPMethod cn 88 not a package
svsfC:\Users\steph\Documents\sv\lib\SVLISTUK\CFMethod cn 89 not a package
svsfC:\Users\steph\Documents\sv\lib\SVLISTUK\AltSw cn 90 not a package
svsfC:\Users\steph\Documents\sv\lib\SVLISTUK\SpreadMethod cn 91 not a package
svsfC:\Users\steph\Documents\sv\lib\SVLISTUK\ServPeriods cn 92 not a package
svsfC:\Users\steph\Documents\sv\lib\SVLISTUK\BandConts cn 93 not a package
svsfC:\Users\steph\Documents\sv\lib\SVLISTUK\CotPup cn 94 not a package
svsfC:\Users\steph\Documents\sv\lib\SVLISTUK\ComTypes cn 95 not a package
svsfC:\Users\steph\Documents\sv\lib\SVLISTUK\LateRetSal cn 96 not a package
svsfC:\Users\steph\Documents\sv\lib\SVLISTUK\LateRetPen cn 97 not a package
svsfC:\Users\steph\Documents\sv\lib\SVLISTUK\AccrualMethod cn 98 not a package
svsfC:\Users\steph\Documents\sv\lib\SVLISTUK\CAREAccrual cn 99 not a package
svsfC:\Users\steph\Documents\sv\lib\SVLISTUK\ERF2Act.3 cn 100 not a package
svsfC:\Users\steph\Documents\sv\lib\SVLISTUK\IllHBenBasis.GAD cn 101 not a package
svsfC:\Users\steph\Documents\sv\lib\SVLISTUK\DISBenCode.GAD cn 102 not a package
svsfC:\Users\steph\Documents\sv\lib\SVLISTUK\AltSw.GAD cn 103 not a package
svsfC:\Users\steph\Documents\sv\lib\SVLISTUK\FYIncrease cn 104 not a package
svsfC:\Users\steph\Documents\sv\lib\SVLISTUK\PHICompare cn 105 not a package
svsfC:\Users\steph\Documents\sv\lib\SVLISTUK\DeferNRA cn 106 not a package
svsfC:\Users\steph\Documents\sv\lib\SVLISTUK\YesNoLeg cn 107 not a package
svsfC:\Users\steph\Documents\sv\lib\SVLISTUK\ClntCode cn 108 not a package
svsfC:\Users\steph\Documents\sv\lib\SVLISTUK\TestMode cn 109 not a package
svsfC:\Users\steph\Documents\sv\lib\SVLISTUK\SelSex cn 110 not a package
svsfC:\Users\steph\Documents\sv\lib\SVLISTUK\YesNo cn 111 not a package
svsfC:\Users\steph\Documents\sv\lib\SVLISTUK\ContsDefGAD cn 112 not a package
svsfC:\Users\steph\Documents\sv\lib\SVLISTUK\CAREPros cn 113 not a package
svsfC:\Users\steph\Documents\sv\lib\SVLISTUK\ExportImport cn 114 not a package
svsfC:\Users\steph\Documents\sv\lib\SVLISTUK\FactCalc cn 115 not a package
svsfC:\Users\steph\Documents\sv\lib\SVLISTUK\RetAge cn 116 not a package
svsfC:\Users\steph\Documents\sv\lib\SVLISTUK\CashBasis3 cn 117 not a package
svsfC:\Users\steph\Documents\sv\lib\SVLISTUK\GlobTypes cn 118 not a package
svsfC:\Users\steph\Documents\sv\lib\SVLISTUK\DefCash3 cn 119 not a package
svsfC:\Users\steph\Documents\sv\lib\SVLISTUK\AuditAction cn 120 not a package
svsfC:\Users\steph\Documents\sv\lib\SVLISTUK\RetCash cn 121 not a package
svsfC:\Users\steph\Documents\sv\lib\SVLISTUK\IllCash cn 122 not a package
svsfC:\Users\steph\Documents\sv\lib\SVLISTUK\DefCash cn 123 not a package
svsfC:\Users\steph\Documents\sv\lib\SVLISTUK\CashBasis cn 124 not a package
svsfC:\Users\steph\Documents\sv\lib\SVLISTUK\PPFServiceCap cn 125 not a package
svsfC:\Users\steph\Documents\sv\lib\SVLISTUK\SQLconnect cn 126 not a package
svsfC:\Users\steph\Documents\sv\lib\SVLISTUK\Amorts cn 127 not a package
svsfC:\Users\steph\Documents\sv\lib\SVLISTUK\AmortMethod cn 128 not a package
svsfC:\Users\steph\Documents\sv\lib\SVLISTUK\AmortShare cn 129 not a package
svsfC:\Users\steph\Documents\sv\lib\SVLISTUK\DataType cn 130 not a package
svsfC:\Users\steph\Documents\sv\lib\SVLISTUK\NumericType cn 131 not a package
svsfC:\Users\steph\Documents\sv\lib\SVLISTUK\RFRates cn 132 not a package
svsfC:\Users\steph\Documents\sv\lib\SVLISTUK\HelpFormat cn 133 not a package
svsfC:\Users\steph\Documents\sv\lib\SVLISTUK\GraphType cn 134 not a package
svsfC:\Users\steph\Documents\sv\lib\SVLISTUK\FileFolder cn 135 not a package
svsfC:\Users\steph\Documents\sv\lib\SVLISTUK\RowFreq cn 136 not a package
svsfC:\Users\steph\Documents\sv\lib\SVLISTUK\FileTypes cn 137 not a package
svsfC:\Users\steph\Documents\sv\lib\SVLISTUK\OrderSubProc cn 138 not a package
svsfC:\Users\steph\Documents\sv\lib\SVLISTUK\MethSubProc cn 139 not a package
svsfC:\Users\steph\Documents\sv\lib\SVLISTUK\IPAddress cn 140 not a package
svsfC:\Users\steph\Documents\sv\lib\SVLISTUK\ cn 141 not a package
svsfC:\Users\steph\Documents\sv\lib\SVMESSUK\NoActive cn 2 not a package
svsfC:\Users\steph\Documents\sv\lib\SVMESSUK\NoDPC cn 3 not a package
svsfC:\Users\steph\Documents\sv\lib\SVMESSUK\NoResults cn 4 not a package
svsfC:\Users\steph\Documents\sv\lib\SVMESSUK\NoLSD cn 5 not a package
svsfC:\Users\steph\Documents\sv\lib\SVMESSUK\IgnoreChange cn 6 not a package
svsfC:\Users\steph\Documents\sv\lib\SVMESSUK\InvStructure cn 7 not a package
svsfC:\Users\steph\Documents\sv\lib\SVMESSUK\InvFileDate cn 8 not a package
svsfC:\Users\steph\Documents\sv\lib\SVMESSUK\InvEntry cn 9 not a package
svsfC:\Users\steph\Documents\sv\lib\SVMESSUK\NoRates cn 10 not a package
svsfC:\Users\steph\Documents\sv\lib\SVMESSUK\VaryLength cn 11 not a package
svsfC:\Users\steph\Documents\sv\lib\SVMESSUK\AlreadyFile cn 12 not a package
svsfC:\Users\steph\Documents\sv\lib\SVMESSUK\NoDataField cn 13 not a package
svsfC:\Users\steph\Documents\sv\lib\SVMESSUK\1st>2nd cn 14 not a package
svsfC:\Users\steph\Documents\sv\lib\SVMESSUK\Mandatory cn 15 not a package
svsfC:\Users\steph\Documents\sv\lib\SVMESSUK\FileNotFound cn 16 not a package
svsfC:\Users\steph\Documents\sv\lib\SVMESSUK\FileTABS cn 17 not a package
svsfC:\Users\steph\Documents\sv\lib\SVMESSUK\NoRateFound cn 18 not a package
svsfC:\Users\steph\Documents\sv\lib\SVMESSUK\InvRate cn 19 not a package
svsfC:\Users\steph\Documents\sv\lib\SVMESSUK\NoDJS cn 20 not a package
svsfC:\Users\steph\Documents\sv\lib\SVMESSUK\InvDate cn 21 not a package
svsfC:\Users\steph\Documents\sv\lib\SVMESSUK\AgeOrder cn 22 not a package
svsfC:\Users\steph\Documents\sv\lib\SVMESSUK\InvFormat cn 23 not a package
svsfC:\Users\steph\Documents\sv\lib\SVMESSUK\InvColSpec cn 24 not a package
svsfC:\Users\steph\Documents\sv\lib\SVMESSUK\InvDateSpec cn 25 not a package
svsfC:\Users\steph\Documents\sv\lib\SVMESSUK\InvDateFormat cn 26 not a package
svsfC:\Users\steph\Documents\sv\lib\SVMESSUK\NoBenDef cn 27 not a package
svsfC:\Users\steph\Documents\sv\lib\SVMESSUK\DateOrder cn 28 not a package
svsfC:\Users\steph\Documents\sv\lib\SVMESSUK\ExpNumber cn 29 not a package
svsfC:\Users\steph\Documents\sv\lib\SVMESSUK\ExpInteger cn 30 not a package
svsfC:\Users\steph\Documents\sv\lib\SVMESSUK\ExpScalar cn 31 not a package
svsfC:\Users\steph\Documents\sv\lib\SVMESSUK\ExpPositive cn 32 not a package
svsfC:\Users\steph\Documents\sv\lib\SVMESSUK\ExpAscend cn 33 not a package
svsfC:\Users\steph\Documents\sv\lib\SVMESSUK\OutRange cn 34 not a package
svsfC:\Users\steph\Documents\sv\lib\SVMESSUK\InputDir cn 35 not a package
svsfC:\Users\steph\Documents\sv\lib\SVMESSUK\NoSolution cn 36 not a package
svsfC:\Users\steph\Documents\sv\lib\SVMESSUK\DirInUse cn 37 not a package
svsfC:\Users\steph\Documents\sv\lib\SVMESSUK\NoSal cn 38 not a package
svsfC:\Users\steph\Documents\sv\lib\SVMESSUK\NoOutput cn 39 not a package
svsfC:\Users\steph\Documents\sv\lib\SVMESSUK\TruncData cn 40 not a package
svsfC:\Users\steph\Documents\sv\lib\SVMESSUK\BothSal cn 41 not a package
svsfC:\Users\steph\Documents\sv\lib\SVMESSUK\Only1File cn 42 not a package
svsfC:\Users\steph\Documents\sv\lib\SVMESSUK\LateJoinDate cn 43 not a package
svsfC:\Users\steph\Documents\sv\lib\SVMESSUK\SelectionReq cn 44 not a package
svsfC:\Users\steph\Documents\sv\lib\SVMESSUK\Delete cn 45 not a package
svsfC:\Users\steph\Documents\sv\lib\SVMESSUK\AlreadyDesc cn 46 not a package
svsfC:\Users\steph\Documents\sv\lib\SVMESSUK\DeleteParms cn 47 not a package
svsfC:\Users\steph\Documents\sv\lib\SVMESSUK\FolderReq cn 48 not a package
svsfC:\Users\steph\Documents\sv\lib\SVMESSUK\SchemeReq cn 49 not a package
svsfC:\Users\steph\Documents\sv\lib\SVMESSUK\NoDataFormat cn 50 not a package
svsfC:\Users\steph\Documents\sv\lib\SVMESSUK\DeleteInvRes cn 51 not a package
svsfC:\Users\steph\Documents\sv\lib\SVMESSUK\OutputFile cn 52 not a package
svsfC:\Users\steph\Documents\sv\lib\SVMESSUK\NotFolder cn 53 not a package
svsfC:\Users\steph\Documents\sv\lib\SVMESSUK\FormatNotFound cn 54 not a package
svsfC:\Users\steph\Documents\sv\lib\SVMESSUK\InvRecLength cn 55 not a package
svsfC:\Users\steph\Documents\sv\lib\SVMESSUK\RateChanged cn 56 not a package
svsfC:\Users\steph\Documents\sv\lib\SVMESSUK\Superval21 cn 57 not a package
svsfC:\Users\steph\Documents\sv\lib\SVMESSUK\RetryPassword cn 58 not a package
svsfC:\Users\steph\Documents\sv\lib\SVMESSUK\ExitSystem cn 59 not a package
svsfC:\Users\steph\Documents\sv\lib\SVMESSUK\ConfirmExit cn 60 not a package
svsfC:\Users\steph\Documents\sv\lib\SVMESSUK\NoGMPs cn 61 not a package
svsfC:\Users\steph\Documents\sv\lib\SVMESSUK\NoNICorUBE cn 62 not a package
svsfC:\Users\steph\Documents\sv\lib\SVMESSUK\EarlyDate cn 63 not a package
svsfC:\Users\steph\Documents\sv\lib\SVMESSUK\NoS21 cn 64 not a package
svsfC:\Users\steph\Documents\sv\lib\SVMESSUK\InvFileNum cn 65 not a package
svsfC:\Users\steph\Documents\sv\lib\SVMESSUK\InvFileName cn 66 not a package
svsfC:\Users\steph\Documents\sv\lib\SVMESSUK\LongData cn 67 not a package
svsfC:\Users\steph\Documents\sv\lib\SVMESSUK\NoMOE cn 68 not a package
svsfC:\Users\steph\Documents\sv\lib\SVMESSUK\InvCCP cn 69 not a package
svsfC:\Users\steph\Documents\sv\lib\SVMESSUK\InvExpWeight cn 70 not a package
svsfC:\Users\steph\Documents\sv\lib\SVMESSUK\NoDec cn 71 not a package
svsfC:\Users\steph\Documents\sv\lib\SVMESSUK\Logoff cn 72 not a package
svsfC:\Users\steph\Documents\sv\lib\SVMESSUK\UserAbort cn 73 not a package
svsfC:\Users\steph\Documents\sv\lib\SVMESSUK\InvVarName cn 74 not a package
svsfC:\Users\steph\Documents\sv\lib\SVMESSUK\NoDecrFile cn 75 not a package
svsfC:\Users\steph\Documents\sv\lib\SVMESSUK\FileEmpty cn 76 not a package
svsfC:\Users\steph\Documents\sv\lib\SVMESSUK\InvEOR cn 77 not a package
svsfC:\Users\steph\Documents\sv\lib\SVMESSUK\SystemName cn 78 not a package
svsfC:\Users\steph\Documents\sv\lib\SVMESSUK\DeleteRuns cn 79 not a package
svsfC:\Users\steph\Documents\sv\lib\SVMESSUK\InvFolder cn 80 not a package
svsfC:\Users\steph\Documents\sv\lib\SVMESSUK\ParmsNotFound cn 81 not a package
svsfC:\Users\steph\Documents\sv\lib\SVMESSUK\InvFormula cn 82 not a package
svsfC:\Users\steph\Documents\sv\lib\SVMESSUK\CompBatch cn 83 not a package
svsfC:\Users\steph\Documents\sv\lib\SVMESSUK\1NEMrun cn 84 not a package
svsfC:\Users\steph\Documents\sv\lib\SVMESSUK\NEMparent cn 85 not a package
svsfC:\Users\steph\Documents\sv\lib\SVMESSUK\NotBoth cn 86 not a package
svsfC:\Users\steph\Documents\sv\lib\SVMESSUK\ReleaseFile cn 87 not a package
svsfC:\Users\steph\Documents\sv\lib\SVMESSUK\InvFile cn 88 not a package
svsfC:\Users\steph\Documents\sv\lib\SVMESSUK\CRDetected cn 89 not a package
svsfC:\Users\steph\Documents\sv\lib\SVMESSUK\NotASCII cn 90 not a package
svsfC:\Users\steph\Documents\sv\lib\SVMESSUK\EditNonASCII cn 91 not a package
svsfC:\Users\steph\Documents\sv\lib\SVMESSUK\NoSavedParms cn 92 not a package
svsfC:\Users\steph\Documents\sv\lib\SVMESSUK\UniqueName cn 93 not a package
svsfC:\Users\steph\Documents\sv\lib\SVMESSUK\UniqueValue cn 94 not a package
svsfC:\Users\steph\Documents\sv\lib\SVMESSUK\ReplaceParms cn 95 not a package
svsfC:\Users\steph\Documents\sv\lib\SVMESSUK\NoAccess cn 96 not a package
svsfC:\Users\steph\Documents\sv\lib\SVMESSUK\NoClientFile cn 97 not a package
svsfC:\Users\steph\Documents\sv\lib\SVMESSUK\NotInputDir cn 98 not a package
svsfC:\Users\steph\Documents\sv\lib\SVMESSUK\LibraryDir cn 99 not a package
svsfC:\Users\steph\Documents\sv\lib\SVMESSUK\DispASCII cn 100 not a package
svsfC:\Users\steph\Documents\sv\lib\SVMESSUK\MaxEntries cn 101 not a package
svsfC:\Users\steph\Documents\sv\lib\SVMESSUK\UniqueConstant cn 102 not a package
svsfC:\Users\steph\Documents\sv\lib\SVMESSUK\UniqueFinancial cn 103 not a package
svsfC:\Users\steph\Documents\sv\lib\SVMESSUK\NoFinancials cn 104 not a package
svsfC:\Users\steph\Documents\sv\lib\SVMESSUK\BandsMisMatch cn 105 not a package
svsfC:\Users\steph\Documents\sv\lib\SVMESSUK\FileNameTooLong cn 106 not a package
svsfC:\Users\steph\Documents\sv\lib\SVMESSUK\InvalidBaseYear cn 107 not a package
svsfC:\Users\steph\Documents\sv\lib\SVMESSUK\InconsistentBaseYear cn 108 not a package
svsfC:\Users\steph\Documents\sv\lib\SVRULEUK\Client cn 2 not a package
svsfC:\Users\steph\Documents\sv\lib\SVRULEUK\MSAR cn 3 not a package
svsfC:\Users\steph\Documents\sv\lib\SVRULEUK\Conts_Calculator cn 4 not a package
svsfC:\Users\steph\Documents\sv\lib\SVRULEUK\Validation cn 5 not a package
svsfC:\Users\steph\Documents\sv\lib\SVRULEUK\Analysis cn 6 not a package
svsfC:\Users\steph\Documents\sv\lib\SVRULEUK\Reconciliation cn 7 not a package
svsfC:\Users\steph\Documents\sv\lib\SVRULEUK\Ind_Annuity cn 8 not a package
svsfC:\Users\steph\Documents\sv\lib\SVRULEUK\Bulk_Annuity cn 9 not a package
svsfC:\Users\steph\Documents\sv\lib\SVRULEUK\Decrements cn 10 not a package
svsfC:\Users\steph\Documents\sv\lib\SVRULEUK\Snapshot_Salary cn 11 not a package
svsfC:\Users\steph\Documents\sv\lib\SVRULEUK\Cohort_Salary cn 12 not a package
svsfC:\Users\steph\Documents\sv\lib\SVRULEUK\New_Entrant_Age cn 13 not a package
svsfC:\Users\steph\Documents\sv\lib\SVRULEUK\New_Entrant_Salary cn 14 not a package
svsfC:\Users\steph\Documents\sv\lib\SVRULEUK\Valuation_Batch cn 15 not a package
svsfC:\Users\steph\Documents\sv\lib\SVRULEUK\Actives_AOS cn 16 not a package
svsfC:\Users\steph\Documents\sv\lib\SVRULEUK\Deferreds_AOS cn 17 not a package
svsfC:\Users\steph\Documents\sv\lib\SVRULEUK\Pensioners_AOS cn 18 not a package
svsfC:\Users\steph\Documents\sv\lib\SVRULEUK\PPF_Details cn 19 not a package
svsfC:\Users\steph\Documents\sv\lib\SVRULEUK\PPF_Yields cn 20 not a package
svsfC:\Users\steph\Documents\sv\lib\SVRULEUK\PPF_Caps cn 21 not a package
svsfC:\Users\steph\Documents\sv\lib\SVRULEUK\PPF_Overrides cn 22 not a package
svsfC:\Users\steph\Documents\sv\lib\SVRULEUK\Financials_Display cn 23 not a package
svsfC:\Users\steph\Documents\sv\lib\SVRULEUK\Financials cn 24 not a package
svsfC:\Users\steph\Documents\sv\lib\SVRULEUK\Mortality_Rate cn 25 not a package
svsfC:\Users\steph\Documents\sv\lib\SVRULEUK\Mortality_Rate_Select cn 26 not a package
svsfC:\Users\steph\Documents\sv\lib\SVRULEUK\Mort_Improvement cn 27 not a package
svsfC:\Users\steph\Documents\sv\lib\SVRULEUK\Decrement_Rates cn 28 not a package
svsfC:\Users\steph\Documents\sv\lib\SVRULEUK\Spouse_Parameters cn 29 not a package
svsfC:\Users\steph\Documents\sv\lib\SVRULEUK\Retirement_Factors cn 30 not a package
svsfC:\Users\steph\Documents\sv\lib\SVRULEUK\Retirement_Age cn 31 not a package
svsfC:\Users\steph\Documents\sv\lib\SVRULEUK\Commutation_Tables cn 32 not a package
svsfC:\Users\steph\Documents\sv\lib\SVRULEUK\Retirement_Cash cn 33 not a package
svsfC:\Users\steph\Documents\sv\lib\SVRULEUK\Spreading_Dates cn 34 not a package
svsfC:\Users\steph\Documents\sv\lib\SVRULEUK\Contributions cn 35 not a package
svsfC:\Users\steph\Documents\sv\lib\SVRULEUK\Constants cn 36 not a package
svsfC:\Users\steph\Documents\sv\lib\SVRULEUK\NE_Model cn 37 not a package
svsfC:\Users\steph\Documents\sv\lib\SVRULEUK\Scenarios cn 38 not a package
svsfC:\Users\steph\Documents\sv\lib\SVRULEUK\Basis_Update cn 39 not a package
svsfC:\Users\steph\Documents\sv\lib\SVRULEUK\Actives_Basis cn 40 not a package
svsfC:\Users\steph\Documents\sv\lib\SVRULEUK\Deferreds_Basis cn 41 not a package
svsfC:\Users\steph\Documents\sv\lib\SVRULEUK\Pensioners_Basis cn 42 not a package
svsfC:\Users\steph\Documents\sv\lib\SVRULEUK\Consolidation cn 43 not a package
svsfC:\Users\steph\Documents\sv\lib\SVRULEUK\Expense_Rates cn 44 not a package
svsfC:\Users\steph\Documents\sv\lib\SVRULEUK\Quick_Scenario cn 45 not a package
svsfC:\Users\steph\Documents\sv\lib\UHEADERS\Indiv_Annuity cn 7 not a package
svsfC:\Users\steph\Documents\sv\lib\UPARMWIN\Basis_Migration cn 2 not a package
svsfC:\Users\steph\Documents\sv\lib\UTILSWIN\SJTUtilities cn 2 not a package
svsfC:\Users\steph\Documents\sv\lib\UVALNWIN\VarPrint Dictionaries FOURDITALIASES 2 6
svsfC:\Users\steph\Documents\sv\lib\UVALNWIN\VarPrint Dictionaries PensionersALIASES 2 7
svsfC:\Users\steph\Documents\sv\lib\UVALNWIN\VarPrint Dictionaries FOURDITVARDESC 2 8
svsfC:\Users\steph\Documents\sv\lib\UVALNWIN\VarPrint Dictionaries PensionersVARDESC 2 9
svsfC:\Users\steph\Documents\sv\lib\VALNWIN\Valuation PenProj pp‘ExitCodestab 2 57
svsfC:\Users\steph\Documents\sv\lib\VALUESUK\Client Comment_Client 2 10
svsfC:\Users\steph\Documents\sv\lib\VALUESUK\Client ListviewDict 2 20
svsfC:\Users\steph\Documents\sv\lib\VALUESUK\PPF_Yields Comment_PPF_Yields 2 6
svsfC:\Users\steph\Documents\sv\lib\VALUESUK\PPF_Caps Comment_PPF_Caps 2 6
svsfC:\Users\steph\Documents\sv\lib\VALUESUK\PPF_Overrides Comment_PPF_Overrides 2 6
svsfC:\Users\steph\Documents\sv\lib\VALUESUK\Financials Comment_Financials 2 6
svsfC:\Users\steph\Documents\sv\lib\VALUESUK\PPF_Details Comment_PPF_Details 2 6
svsfC:\Users\steph\Documents\sv\lib\VALUESUK\Mortality_Rate Comment_Mortality_Rate 2 6
svsfC:\Users\steph\Documents\sv\lib\VALUESUK\Mortality_Rate_Select Comment_Mortality_Rate_Select 2 6
svsfC:\Users\steph\Documents\sv\lib\VALUESUK\Mort_Improvement Comment_Mort_Improvement 2 6
svsfC:\Users\steph\Documents\sv\lib\VALUESUK\Decrement_Rates Comment_Decrement_Rates 2 6
svsfC:\Users\steph\Documents\sv\lib\VALUESUK\Spouse_Parameters Comment_Spouse_Parameters 2 6
svsfC:\Users\steph\Documents\sv\lib\VALUESUK\Retirement_Age Comment_Retirement_Age 2 6
svsfC:\Users\steph\Documents\sv\lib\VALUESUK\Retirement_Factors Comment_Retirement_Factors 2 6
svsfC:\Users\steph\Documents\sv\lib\VALUESUK\Commutation_Tables Comment_Commutation_Tables 2 6
svsfC:\Users\steph\Documents\sv\lib\VALUESUK\Retirement_Cash Comment_Retirement_Cash 2 6
svsfC:\Users\steph\Documents\sv\lib\VALUESUK\Spreading_Dates Comment_Spreading_Dates 2 6
svsfC:\Users\steph\Documents\sv\lib\VALUESUK\Contributions Comment_Contributions 2 6
svsfC:\Users\steph\Documents\sv\lib\VALUESUK\Constants Comment_Constants 2 6
svsfC:\Users\steph\Documents\sv\lib\VALUESUK\Expense_Rates Comment_Expense_Rates 2 7
svsfC:\Users\steph\Documents\sv\lib\VALUESUK\NE_Model Comment_NE_Model 2 7
svsfC:\Users\steph\Documents\sv\lib\VALUESUK\Actives_Basis Comment_Actives_Basis 2 121
svsfC:\Users\steph\Documents\sv\lib\VALUESUK\Deferreds_Basis Comment_Deferreds_Basis 2 35
svsfC:\Users\steph\Documents\sv\lib\VALUESUK\Pensioners_Basis Comment_Pensioners_Basis 2 13
svsfC:\Users\steph\Documents\sv\lib\VALUESUK\Actives_AOS Comment_Actives_AOS 2 7
svsfC:\Users\steph\Documents\sv\lib\VALUESUK\Deferreds_AOS Comment_Deferreds_AOS 2 7
svsfC:\Users\steph\Documents\sv\lib\VALUESUK\Pensioners_AOS Comment_Pensioners_AOS 2 7
svsfC:\Users\steph\Documents\sv\lib\VALUESUK\Quick_Scenario Comment_Quick_Scenario 2 7
svsfC:\Users\steph\Documents\sv\lib\VERSCONTROL\Licence LicenceString 2 6